<?xml version="1.0" encoding="UTF-8"?>
<!-- Generated by org.testng.reporters.JUnitXMLReporter -->
<testsuite ignored="0" hostname="BLR1-LHP-N73414" failures="0" tests="2" name="edge Test" time="0.092" errors="0" timestamp="2023-10-06T10:27:26 IST">
  <testcase classname="day9.ParallelTesting" name="@BeforeClass setup" time="0.061">
    <failure type="org.openqa.selenium.remote.NoSuchDriverException" message="Unable to obtain: Capabilities {browserName: MicrosoftEdge, ms:edgeOptions: {args: [--remote-allow-origins=*], extensions: []}}, error Command failed with code: 65, executed: [--browser, MicrosoftEdge, --output, json]
edge cannot be downloaded
Build info: version: &amp;apos;4.12.1&amp;apos;, revision: &amp;apos;8e34639b11&amp;apos;
System info: os.name: &amp;apos;Linux&amp;apos;, os.arch: &amp;apos;amd64&amp;apos;, os.version: &amp;apos;5.11.0-051100-generic&amp;apos;, java.version: &amp;apos;17.0.8.1&amp;apos;
Driver info: driver.version: EdgeDriver">
      <![CDATA[org.openqa.selenium.remote.NoSuchDriverException: Unable to obtain: Capabilities {browserName: MicrosoftEdge, ms:edgeOptions: {args: [--remote-allow-origins=*], extensions: []}}, error Command failed with code: 65, executed: [--browser, MicrosoftEdge, --output, json]
edge cannot be downloaded
Build info: version: '4.12.1', revision: '8e34639b11'
System info: os.name: 'Linux', os.arch: 'amd64', os.version: '5.11.0-051100-generic', java.version: '17.0.8.1'
Driver info: driver.version: EdgeDriver
at org.openqa.selenium.remote.service.DriverFinder.getPath(DriverFinder.java:25)
at org.openqa.selenium.remote.service.DriverFinder.getPath(DriverFinder.java:13)
at org.openqa.selenium.edge.EdgeDriver.generateExecutor(EdgeDriver.java:71)
at org.openqa.selenium.edge.EdgeDriver.<init>(EdgeDriver.java:60)
at org.openqa.selenium.edge.EdgeDriver.<init>(EdgeDriver.java:56)
at org.openqa.selenium.edge.EdgeDriver.<init>(EdgeDriver.java:48)
at org.openqa.selenium.edge.EdgeDriver.<init>(EdgeDriver.java:44)
at day9.ParallelTesting.setup(ParallelTesting.java:44)
at java.base/java.util.ArrayList.forEach(ArrayList.java:1511)
Caused by: org.openqa.selenium.WebDriverException: Command failed with code: 65, executed: [--browser, MicrosoftEdge, --output, json]
edge cannot be downloaded
Build info: version: '4.12.1', revision: '8e34639b11'
System info: os.name: 'Linux', os.arch: 'amd64', os.version: '5.11.0-051100-generic', java.version: '17.0.8.1'
Driver info: driver.version: EdgeDriver
at org.openqa.selenium.manager.SeleniumManager.runCommand(SeleniumManager.java:144)
at org.openqa.selenium.manager.SeleniumManager.getDriverPath(SeleniumManager.java:299)
at org.openqa.selenium.remote.service.DriverFinder.getPath(DriverFinder.java:22)
... 33 more
... Removed 25 stack frames]]>
    </failure>
  </testcase> <!-- @BeforeClass setup -->
  <testcase classname="day9.ParallelTesting" name="@AfterMethod tearDown" time="-1.696568246418E9">
    <skipped/>
  </testcase> <!-- @AfterMethod tearDown -->
  <testcase classname="day9.ParallelTesting" name="@AfterMethod tearDown" time="-1.696568246429E9">
    <skipped/>
  </testcase> <!-- @AfterMethod tearDown -->
  <testcase classname="day9.ParallelTesting" name="logTest" time="0.0">
    <skipped/>
  </testcase> <!-- logTest -->
  <testcase classname="day9.ParallelTesting" name="titleTest" time="0.0">
    <skipped/>
  </testcase> <!-- titleTest -->
</testsuite> <!-- edge Test -->
